2025-08-11 14:48:15,117 - performance_analyzer - INFO - ============================================================ (run_crawler.py:37)
2025-08-11 14:48:15,117 - performance_analyzer - INFO - π“ λ„¤μ΄λ²„ ν”λ μ΄μ¤ & μμ•½ μ›”λ³„ λ°μ΄ν„° μμ§‘ μ¤ν¬λ¦½νΈ (run_crawler.py:38)
2025-08-11 14:48:15,117 - performance_analyzer - INFO - ============================================================ (run_crawler.py:39)
2025-08-11 14:58:54,345 - performance_analyzer - INFO - ============================================================ (run_crawler.py:37)
2025-08-11 14:58:54,345 - performance_analyzer - INFO - π“ λ„¤μ΄λ²„ ν”λ μ΄μ¤ & μμ•½ μ›”λ³„ λ°μ΄ν„° μμ§‘ μ¤ν¬λ¦½νΈ (run_crawler.py:38)
2025-08-11 14:58:54,345 - performance_analyzer - INFO - ============================================================ (run_crawler.py:39)
2025-08-11 14:58:54,346 - performance_analyzer - ERROR - β ν΄λΌμ΄μ–ΈνΈκ°€ μ„ νƒλμ§€ μ•μ•μµλ‹λ‹¤. μ¤ν¬λ¦½νΈλ¥Ό μΆ…λ£ν•©λ‹λ‹¤. (run_crawler.py:45)
2025-08-11 15:04:37,633 - performance_analyzer - INFO - ============================================================ (run_crawler.py:37)
2025-08-11 15:04:37,633 - performance_analyzer - INFO - π“ λ„¤μ΄λ²„ ν”λ μ΄μ¤ & μμ•½ μ›”λ³„ λ°μ΄ν„° μμ§‘ μ¤ν¬λ¦½νΈ (run_crawler.py:38)
2025-08-11 15:04:37,633 - performance_analyzer - INFO - ============================================================ (run_crawler.py:39)
2025-08-11 15:04:37,633 - performance_analyzer - ERROR - β ν΄λΌμ΄μ–ΈνΈκ°€ μ„ νƒλμ§€ μ•μ•μµλ‹λ‹¤. μ¤ν¬λ¦½νΈλ¥Ό μΆ…λ£ν•©λ‹λ‹¤. (run_crawler.py:45)
2025-08-11 15:06:10,340 - performance_analyzer - INFO - ============================================================ (run_crawler.py:37)
2025-08-11 15:06:10,341 - performance_analyzer - INFO - π“ λ„¤μ΄λ²„ ν”λ μ΄μ¤ & μμ•½ μ›”λ³„ λ°μ΄ν„° μμ§‘ μ¤ν¬λ¦½νΈ (run_crawler.py:38)
2025-08-11 15:06:10,341 - performance_analyzer - INFO - ============================================================ (run_crawler.py:39)
2025-08-11 15:06:10,342 - performance_analyzer - INFO - β… 'GOODMORNINGHANIGURO' ν΄λΌμ΄μ–ΈνΈμ— λ€ν• μ‘μ—…μ„ μ‹μ‘ν•©λ‹λ‹¤. (run_crawler.py:47)
2025-08-11 15:06:25,904 - performance_analyzer - INFO - μ΄ 11κ°μ›”μ λ°μ΄ν„°λ¥Ό μμ§‘ν•©λ‹λ‹¤: [2024-09 ~ 2025-07] (run_crawler.py:68)
2025-08-11 15:07:56,022 - performance_analyzer - INFO - ============================================================ (run_crawler.py:37)
2025-08-11 15:07:56,022 - performance_analyzer - INFO - π“ λ„¤μ΄λ²„ ν”λ μ΄μ¤ & μμ•½ μ›”λ³„ λ°μ΄ν„° μμ§‘ μ¤ν¬λ¦½νΈ (run_crawler.py:38)
2025-08-11 15:07:56,022 - performance_analyzer - INFO - ============================================================ (run_crawler.py:39)
2025-08-11 15:07:56,023 - performance_analyzer - INFO - β… 'GOODMORNINGHANIGURO' ν΄λΌμ΄μ–ΈνΈμ— λ€ν• μ‘μ—…μ„ μ‹μ‘ν•©λ‹λ‹¤. (run_crawler.py:47)
2025-08-11 15:08:00,120 - performance_analyzer - INFO - μ΄ 11κ°μ›”μ λ°μ΄ν„°λ¥Ό μμ§‘ν•©λ‹λ‹¤: [2024-09 ~ 2025-07] (run_crawler.py:68)
2025-08-11 15:08:00,120 - performance_analyzer - INFO - 
========================= 2024λ…„ 09μ›” λ°μ΄ν„° μμ§‘ μ‹μ‘ ========================= (run_crawler.py:76)
2025-08-11 15:08:00,120 - performance_analyzer - INFO - --- [1/2] Place PV ν†µκ³„ μμ§‘ μ¤‘... --- (run_crawler.py:79)
2025-08-11 15:08:00,356 - performance_analyzer - INFO - --- [2/2] Booking ν†µκ³„ μμ§‘ μ¤‘... --- (run_crawler.py:82)
2025-08-11 15:08:00,375 - performance_analyzer - INFO - β… 2024λ…„ 09μ›” λ°μ΄ν„° μμ§‘ μ™„λ£ (run_crawler.py:85)
2025-08-11 15:08:00,375 - performance_analyzer - INFO - 
========================= 2024λ…„ 10μ›” λ°μ΄ν„° μμ§‘ μ‹μ‘ ========================= (run_crawler.py:76)
2025-08-11 15:08:00,375 - performance_analyzer - INFO - --- [1/2] Place PV ν†µκ³„ μμ§‘ μ¤‘... --- (run_crawler.py:79)
2025-08-11 15:08:00,412 - performance_analyzer - INFO - --- [2/2] Booking ν†µκ³„ μμ§‘ μ¤‘... --- (run_crawler.py:82)
2025-08-11 15:08:00,439 - performance_analyzer - INFO - β… 2024λ…„ 10μ›” λ°μ΄ν„° μμ§‘ μ™„λ£ (run_crawler.py:85)
2025-08-11 15:08:00,439 - performance_analyzer - INFO - 
========================= 2024λ…„ 11μ›” λ°μ΄ν„° μμ§‘ μ‹μ‘ ========================= (run_crawler.py:76)
2025-08-11 15:08:00,439 - performance_analyzer - INFO - --- [1/2] Place PV ν†µκ³„ μμ§‘ μ¤‘... --- (run_crawler.py:79)
2025-08-11 15:08:00,491 - performance_analyzer - INFO - --- [2/2] Booking ν†µκ³„ μμ§‘ μ¤‘... --- (run_crawler.py:82)
2025-08-11 15:08:00,529 - performance_analyzer - INFO - β… 2024λ…„ 11μ›” λ°μ΄ν„° μμ§‘ μ™„λ£ (run_crawler.py:85)
2025-08-11 15:08:00,529 - performance_analyzer - INFO - 
========================= 2024λ…„ 12μ›” λ°μ΄ν„° μμ§‘ μ‹μ‘ ========================= (run_crawler.py:76)
2025-08-11 15:08:00,529 - performance_analyzer - INFO - --- [1/2] Place PV ν†µκ³„ μμ§‘ μ¤‘... --- (run_crawler.py:79)
2025-08-11 15:08:00,593 - performance_analyzer - INFO - --- [2/2] Booking ν†µκ³„ μμ§‘ μ¤‘... --- (run_crawler.py:82)
2025-08-11 15:08:00,636 - performance_analyzer - INFO - β… 2024λ…„ 12μ›” λ°μ΄ν„° μμ§‘ μ™„λ£ (run_crawler.py:85)
2025-08-11 15:08:00,636 - performance_analyzer - INFO - 
========================= 2025λ…„ 01μ›” λ°μ΄ν„° μμ§‘ μ‹μ‘ ========================= (run_crawler.py:76)
2025-08-11 15:08:00,636 - performance_analyzer - INFO - --- [1/2] Place PV ν†µκ³„ μμ§‘ μ¤‘... --- (run_crawler.py:79)
2025-08-11 15:08:00,712 - performance_analyzer - INFO - --- [2/2] Booking ν†µκ³„ μμ§‘ μ¤‘... --- (run_crawler.py:82)
2025-08-11 15:08:00,764 - performance_analyzer - INFO - β… 2025λ…„ 01μ›” λ°μ΄ν„° μμ§‘ μ™„λ£ (run_crawler.py:85)
2025-08-11 15:08:00,764 - performance_analyzer - INFO - 
========================= 2025λ…„ 02μ›” λ°μ΄ν„° μμ§‘ μ‹μ‘ ========================= (run_crawler.py:76)
2025-08-11 15:08:00,764 - performance_analyzer - INFO - --- [1/2] Place PV ν†µκ³„ μμ§‘ μ¤‘... --- (run_crawler.py:79)
2025-08-11 15:08:00,852 - performance_analyzer - INFO - --- [2/2] Booking ν†µκ³„ μμ§‘ μ¤‘... --- (run_crawler.py:82)
2025-08-11 15:08:00,911 - performance_analyzer - INFO - β… 2025λ…„ 02μ›” λ°μ΄ν„° μμ§‘ μ™„λ£ (run_crawler.py:85)
2025-08-11 15:08:00,912 - performance_analyzer - INFO - 
========================= 2025λ…„ 03μ›” λ°μ΄ν„° μμ§‘ μ‹μ‘ ========================= (run_crawler.py:76)
2025-08-11 15:08:00,912 - performance_analyzer - INFO - --- [1/2] Place PV ν†µκ³„ μμ§‘ μ¤‘... --- (run_crawler.py:79)
2025-08-11 15:08:01,011 - performance_analyzer - INFO - --- [2/2] Booking ν†µκ³„ μμ§‘ μ¤‘... --- (run_crawler.py:82)
2025-08-11 15:08:01,080 - performance_analyzer - INFO - β… 2025λ…„ 03μ›” λ°μ΄ν„° μμ§‘ μ™„λ£ (run_crawler.py:85)
2025-08-11 15:08:01,080 - performance_analyzer - INFO - 
========================= 2025λ…„ 04μ›” λ°μ΄ν„° μμ§‘ μ‹μ‘ ========================= (run_crawler.py:76)
2025-08-11 15:08:01,080 - performance_analyzer - INFO - --- [1/2] Place PV ν†µκ³„ μμ§‘ μ¤‘... --- (run_crawler.py:79)
2025-08-11 15:08:01,196 - performance_analyzer - INFO - --- [2/2] Booking ν†µκ³„ μμ§‘ μ¤‘... --- (run_crawler.py:82)
2025-08-11 15:08:01,271 - performance_analyzer - INFO - β… 2025λ…„ 04μ›” λ°μ΄ν„° μμ§‘ μ™„λ£ (run_crawler.py:85)
2025-08-11 15:08:01,271 - performance_analyzer - INFO - 
========================= 2025λ…„ 05μ›” λ°μ΄ν„° μμ§‘ μ‹μ‘ ========================= (run_crawler.py:76)
2025-08-11 15:08:01,272 - performance_analyzer - INFO - --- [1/2] Place PV ν†µκ³„ μμ§‘ μ¤‘... --- (run_crawler.py:79)
2025-08-11 15:08:01,404 - performance_analyzer - INFO - --- [2/2] Booking ν†µκ³„ μμ§‘ μ¤‘... --- (run_crawler.py:82)
2025-08-11 15:08:01,488 - performance_analyzer - INFO - β… 2025λ…„ 05μ›” λ°μ΄ν„° μμ§‘ μ™„λ£ (run_crawler.py:85)
2025-08-11 15:08:01,488 - performance_analyzer - INFO - 
========================= 2025λ…„ 06μ›” λ°μ΄ν„° μμ§‘ μ‹μ‘ ========================= (run_crawler.py:76)
2025-08-11 15:08:01,488 - performance_analyzer - INFO - --- [1/2] Place PV ν†µκ³„ μμ§‘ μ¤‘... --- (run_crawler.py:79)
2025-08-11 15:08:01,629 - performance_analyzer - INFO - --- [2/2] Booking ν†µκ³„ μμ§‘ μ¤‘... --- (run_crawler.py:82)
2025-08-11 15:08:01,736 - performance_analyzer - INFO - β… 2025λ…„ 06μ›” λ°μ΄ν„° μμ§‘ μ™„λ£ (run_crawler.py:85)
2025-08-11 15:08:01,736 - performance_analyzer - INFO - 
========================= 2025λ…„ 07μ›” λ°μ΄ν„° μμ§‘ μ‹μ‘ ========================= (run_crawler.py:76)
2025-08-11 15:08:01,736 - performance_analyzer - INFO - --- [1/2] Place PV ν†µκ³„ μμ§‘ μ¤‘... --- (run_crawler.py:79)
2025-08-11 15:08:01,910 - performance_analyzer - INFO - --- [2/2] Booking ν†µκ³„ μμ§‘ μ¤‘... --- (run_crawler.py:82)
2025-08-11 15:08:02,009 - performance_analyzer - INFO - β… 2025λ…„ 07μ›” λ°μ΄ν„° μμ§‘ μ™„λ£ (run_crawler.py:85)
2025-08-11 15:08:02,009 - performance_analyzer - INFO - 
============================================================ (run_crawler.py:96)
2025-08-11 15:08:02,009 - performance_analyzer - INFO - π‰ λ¨λ“  μ”μ²­λ κΈ°κ°„μ λ°μ΄ν„° μμ§‘μ΄ μ™„λ£λμ—μµλ‹λ‹¤. (run_crawler.py:97)
2025-08-11 15:08:02,009 - performance_analyzer - INFO - ============================================================ (run_crawler.py:98)
2025-08-11 15:58:05,028 - performance_analyzer - INFO - ============================================================ (run_crawler.py:37)
2025-08-11 15:58:05,028 - performance_analyzer - INFO - π“ λ„¤μ΄λ²„ ν”λ μ΄μ¤ & μμ•½ μ›”λ³„ λ°μ΄ν„° μμ§‘ μ¤ν¬λ¦½νΈ (run_crawler.py:38)
2025-08-11 15:58:05,028 - performance_analyzer - INFO - ============================================================ (run_crawler.py:39)
2025-08-11 15:58:05,029 - performance_analyzer - INFO - β… 'GOODMORNINGHANIGURO' ν΄λΌμ΄μ–ΈνΈμ— λ€ν• μ‘μ—…μ„ μ‹μ‘ν•©λ‹λ‹¤. (run_crawler.py:47)
2025-08-11 15:58:09,057 - performance_analyzer - INFO - μ΄ 11κ°μ›”μ λ°μ΄ν„°λ¥Ό μμ§‘ν•©λ‹λ‹¤: [2024-09 ~ 2025-07] (run_crawler.py:68)
2025-08-11 15:58:09,058 - performance_analyzer - INFO - 
========================= 2024λ…„ 09μ›” λ°μ΄ν„° μμ§‘ μ‹μ‘ ========================= (run_crawler.py:76)
2025-08-11 15:58:09,059 - performance_analyzer - INFO - --- [1/2] Place PV ν†µκ³„ μμ§‘ μ¤‘... --- (run_crawler.py:79)
2025-08-11 15:58:15,275 - performance_analyzer - INFO - --- [2/2] Booking ν†µκ³„ μμ§‘ μ¤‘... --- (run_crawler.py:82)
2025-08-11 15:58:23,389 - performance_analyzer - INFO - β… 2024λ…„ 09μ›” λ°μ΄ν„° μμ§‘ μ™„λ£ (run_crawler.py:85)
2025-08-11 15:58:23,389 - performance_analyzer - INFO - 
========================= 2024λ…„ 10μ›” λ°μ΄ν„° μμ§‘ μ‹μ‘ ========================= (run_crawler.py:76)
2025-08-11 15:58:23,390 - performance_analyzer - INFO - --- [1/2] Place PV ν†µκ³„ μμ§‘ μ¤‘... --- (run_crawler.py:79)
2025-08-11 15:58:34,868 - performance_analyzer - INFO - --- [2/2] Booking ν†µκ³„ μμ§‘ μ¤‘... --- (run_crawler.py:82)
2025-08-11 15:58:43,481 - performance_analyzer - INFO - β… 2024λ…„ 10μ›” λ°μ΄ν„° μμ§‘ μ™„λ£ (run_crawler.py:85)
2025-08-11 15:58:43,481 - performance_analyzer - INFO - 
========================= 2024λ…„ 11μ›” λ°μ΄ν„° μμ§‘ μ‹μ‘ ========================= (run_crawler.py:76)
2025-08-11 15:58:43,481 - performance_analyzer - INFO - --- [1/2] Place PV ν†µκ³„ μμ§‘ μ¤‘... --- (run_crawler.py:79)
2025-08-11 15:58:53,666 - performance_analyzer - INFO - --- [2/2] Booking ν†µκ³„ μμ§‘ μ¤‘... --- (run_crawler.py:82)
2025-08-11 15:59:01,777 - performance_analyzer - INFO - β… 2024λ…„ 11μ›” λ°μ΄ν„° μμ§‘ μ™„λ£ (run_crawler.py:85)
2025-08-11 15:59:01,777 - performance_analyzer - INFO - 
========================= 2024λ…„ 12μ›” λ°μ΄ν„° μμ§‘ μ‹μ‘ ========================= (run_crawler.py:76)
2025-08-11 15:59:01,777 - performance_analyzer - INFO - --- [1/2] Place PV ν†µκ³„ μμ§‘ μ¤‘... --- (run_crawler.py:79)
2025-08-11 15:59:15,933 - performance_analyzer - INFO - --- [2/2] Booking ν†µκ³„ μμ§‘ μ¤‘... --- (run_crawler.py:82)
2025-08-11 15:59:24,731 - performance_analyzer - INFO - β… 2024λ…„ 12μ›” λ°μ΄ν„° μμ§‘ μ™„λ£ (run_crawler.py:85)
2025-08-11 15:59:24,731 - performance_analyzer - INFO - 
========================= 2025λ…„ 01μ›” λ°μ΄ν„° μμ§‘ μ‹μ‘ ========================= (run_crawler.py:76)
2025-08-11 15:59:24,731 - performance_analyzer - INFO - --- [1/2] Place PV ν†µκ³„ μμ§‘ μ¤‘... --- (run_crawler.py:79)
2025-08-11 15:59:30,784 - performance_analyzer - INFO - --- [2/2] Booking ν†µκ³„ μμ§‘ μ¤‘... --- (run_crawler.py:82)
2025-08-11 15:59:39,013 - performance_analyzer - INFO - β… 2025λ…„ 01μ›” λ°μ΄ν„° μμ§‘ μ™„λ£ (run_crawler.py:85)
2025-08-11 15:59:39,013 - performance_analyzer - INFO - 
========================= 2025λ…„ 02μ›” λ°μ΄ν„° μμ§‘ μ‹μ‘ ========================= (run_crawler.py:76)
2025-08-11 15:59:39,013 - performance_analyzer - INFO - --- [1/2] Place PV ν†µκ³„ μμ§‘ μ¤‘... --- (run_crawler.py:79)
2025-08-11 15:59:43,805 - performance_analyzer - INFO - --- [2/2] Booking ν†µκ³„ μμ§‘ μ¤‘... --- (run_crawler.py:82)
2025-08-11 15:59:51,844 - performance_analyzer - INFO - β… 2025λ…„ 02μ›” λ°μ΄ν„° μμ§‘ μ™„λ£ (run_crawler.py:85)
2025-08-11 15:59:51,844 - performance_analyzer - INFO - 
========================= 2025λ…„ 03μ›” λ°μ΄ν„° μμ§‘ μ‹μ‘ ========================= (run_crawler.py:76)
2025-08-11 15:59:51,844 - performance_analyzer - INFO - --- [1/2] Place PV ν†µκ³„ μμ§‘ μ¤‘... --- (run_crawler.py:79)
2025-08-11 15:59:58,107 - performance_analyzer - INFO - --- [2/2] Booking ν†µκ³„ μμ§‘ μ¤‘... --- (run_crawler.py:82)
2025-08-11 16:00:07,482 - performance_analyzer - INFO - β… 2025λ…„ 03μ›” λ°μ΄ν„° μμ§‘ μ™„λ£ (run_crawler.py:85)
2025-08-11 16:00:07,482 - performance_analyzer - INFO - 
========================= 2025λ…„ 04μ›” λ°μ΄ν„° μμ§‘ μ‹μ‘ ========================= (run_crawler.py:76)
2025-08-11 16:00:07,483 - performance_analyzer - INFO - --- [1/2] Place PV ν†µκ³„ μμ§‘ μ¤‘... --- (run_crawler.py:79)
2025-08-11 16:00:12,964 - performance_analyzer - INFO - --- [2/2] Booking ν†µκ³„ μμ§‘ μ¤‘... --- (run_crawler.py:82)
2025-08-11 16:00:22,951 - performance_analyzer - INFO - β… 2025λ…„ 04μ›” λ°μ΄ν„° μμ§‘ μ™„λ£ (run_crawler.py:85)
2025-08-11 16:00:22,951 - performance_analyzer - INFO - 
========================= 2025λ…„ 05μ›” λ°μ΄ν„° μμ§‘ μ‹μ‘ ========================= (run_crawler.py:76)
2025-08-11 16:00:22,951 - performance_analyzer - INFO - --- [1/2] Place PV ν†µκ³„ μμ§‘ μ¤‘... --- (run_crawler.py:79)
2025-08-11 16:00:39,826 - performance_analyzer - INFO - --- [2/2] Booking ν†µκ³„ μμ§‘ μ¤‘... --- (run_crawler.py:82)
2025-08-11 16:00:49,154 - performance_analyzer - INFO - β… 2025λ…„ 05μ›” λ°μ΄ν„° μμ§‘ μ™„λ£ (run_crawler.py:85)
2025-08-11 16:00:49,154 - performance_analyzer - INFO - 
========================= 2025λ…„ 06μ›” λ°μ΄ν„° μμ§‘ μ‹μ‘ ========================= (run_crawler.py:76)
2025-08-11 16:00:49,154 - performance_analyzer - INFO - --- [1/2] Place PV ν†µκ³„ μμ§‘ μ¤‘... --- (run_crawler.py:79)
2025-08-11 16:00:55,307 - performance_analyzer - INFO - --- [2/2] Booking ν†µκ³„ μμ§‘ μ¤‘... --- (run_crawler.py:82)
2025-08-11 16:01:04,711 - performance_analyzer - INFO - β… 2025λ…„ 06μ›” λ°μ΄ν„° μμ§‘ μ™„λ£ (run_crawler.py:85)
2025-08-11 16:01:04,711 - performance_analyzer - INFO - 
========================= 2025λ…„ 07μ›” λ°μ΄ν„° μμ§‘ μ‹μ‘ ========================= (run_crawler.py:76)
2025-08-11 16:01:04,711 - performance_analyzer - INFO - --- [1/2] Place PV ν†µκ³„ μμ§‘ μ¤‘... --- (run_crawler.py:79)
2025-08-11 16:01:13,685 - performance_analyzer - INFO - --- [2/2] Booking ν†µκ³„ μμ§‘ μ¤‘... --- (run_crawler.py:82)
2025-08-11 16:01:23,069 - performance_analyzer - INFO - β… 2025λ…„ 07μ›” λ°μ΄ν„° μμ§‘ μ™„λ£ (run_crawler.py:85)
2025-08-11 16:01:23,069 - performance_analyzer - INFO - 
============================================================ (run_crawler.py:96)
2025-08-11 16:01:23,069 - performance_analyzer - INFO - π‰ λ¨λ“  μ”μ²­λ κΈ°κ°„μ λ°μ΄ν„° μμ§‘μ΄ μ™„λ£λμ—μµλ‹λ‹¤. (run_crawler.py:97)
2025-08-11 16:01:23,069 - performance_analyzer - INFO - ============================================================ (run_crawler.py:98)
